# JRE version: Java(TM) SE Runtime Environment (8.0_101-b13) (build 1.8.0_101-b13)
# Java VM: Java HotSpot(TM) 64-Bit Server VM (25.101-b13 mixed mode windows-amd64 compressed oops)
Heap:
 PSYoungGen      total 51712K, used 16627K [0x00000000eab00000, 0x00000000efd80000, 0x0000000100000000)
  eden space 41984K, 34% used [0x00000000eab00000,0x00000000eb906f88,0x00000000ed400000)
  from space 9728K, 23% used [0x00000000ed400000,0x00000000ed635ef8,0x00000000edd80000)
  to   space 10240K, 0% used [0x00000000ef380000,0x00000000ef380000,0x00000000efd80000)
 ParOldGen       total 52224K, used 20839K [0x00000000c0000000, 0x00000000c3300000, 0x00000000eab00000)
  object space 52224K, 39% used [0x00000000c0000000,0x00000000c1459fc0,0x00000000c3300000)
 Metaspace       used 42654K, capacity 43566K, committed 44032K, reserved 1087488K
  class space    used 5818K, capacity 6024K, committed 6144K, reserved 1048576K
GC Heap History (10 events):
Event: 45.377 GC heap before
{Heap before GC invocations=13 (full 1):
 PSYoungGen      total 34304K, used 20407K [0x00000000eab00000, 0x00000000edb00000, 0x0000000100000000)
  eden space 29696K, 53% used [0x00000000eab00000,0x00000000eba72488,0x00000000ec800000)
  from space 4608K, 99% used [0x00000000ec880000,0x00000000eccfb860,0x00000000ecd00000)
  to   space 9728K, 0% used [0x00000000ed180000,0x00000000ed180000,0x00000000edb00000)
 ParOldGen       total 46592K, used 11965K [0x00000000c0000000, 0x00000000c2d80000, 0x00000000eab00000)
  object space 46592K, 25% used [0x00000000c0000000,0x00000000c0baf568,0x00000000c2d80000)
 Metaspace       used 34574K, capacity 35262K, committed 35456K, reserved 1079296K
  class space    used 4769K, capacity 4977K, committed 4992K, reserved 1048576K
Event: 45.383 GC heap after
Heap after GC invocations=13 (full 1):
 PSYoungGen      total 38400K, used 3852K [0x00000000eab00000, 0x00000000eda80000, 0x0000000100000000)
  eden space 29184K, 0% used [0x00000000eab00000,0x00000000eab00000,0x00000000ec780000)
  from space 9216K, 41% used [0x00000000ed180000,0x00000000ed5432b0,0x00000000eda80000)
  to   space 9728K, 0% used [0x00000000ec780000,0x00000000ec780000,0x00000000ed100000)
 ParOldGen       total 46592K, used 12973K [0x00000000c0000000, 0x00000000c2d80000, 0x00000000eab00000)
  object space 46592K, 27% used [0x00000000c0000000,0x00000000c0cab568,0x00000000c2d80000)
 Metaspace       used 34574K, capacity 35262K, committed 35456K, reserved 1079296K
  class space    used 4769K, capacity 4977K, committed 4992K, reserved 1048576K
}
Event: 45.383 GC heap before
{Heap before GC invocations=14 (full 2):
 PSYoungGen      total 38400K, used 3852K [0x00000000eab00000, 0x00000000eda80000, 0x0000000100000000)
  eden space 29184K, 0% used [0x00000000eab00000,0x00000000eab00000,0x00000000ec780000)
  from space 9216K, 41% used [0x00000000ed180000,0x00000000ed5432b0,0x00000000eda80000)
  to   space 9728K, 0% used [0x00000000ec780000,0x00000000ec780000,0x00000000ed100000)
 ParOldGen       total 46592K, used 12973K [0x00000000c0000000, 0x00000000c2d80000, 0x00000000eab00000)
  object space 46592K, 27% used [0x00000000c0000000,0x00000000c0cab568,0x00000000c2d80000)
 Metaspace       used 34574K, capacity 35262K, committed 35456K, reserved 1079296K
  class space    used 4769K, capacity 4977K, committed 4992K, reserved 1048576K
Event: 45.474 GC heap after
Heap after GC invocations=14 (full 2):
 PSYoungGen      total 38400K, used 0K [0x00000000eab00000, 0x00000000eda80000, 0x0000000100000000)
  eden space 29184K, 0% used [0x00000000eab00000,0x00000000eab00000,0x00000000ec780000)
  from space 9216K, 0% used [0x00000000ed180000,0x00000000ed180000,0x00000000eda80000)
  to   space 9728K, 0% used [0x00000000ec780000,0x00000000ec780000,0x00000000ed100000)
 ParOldGen       total 52224K, used 15064K [0x00000000c0000000, 0x00000000c3300000, 0x00000000eab00000)
  object space 52224K, 28% used [0x00000000c0000000,0x00000000c0eb60a8,0x00000000c3300000)
 Metaspace       used 34574K, capacity 35262K, committed 35456K, reserved 1079296K
  class space    used 4769K, capacity 4977K, committed 4992K, reserved 1048576K
}
Event: 45.721 GC heap before
{Heap before GC invocations=15 (full 2):
 PSYoungGen      total 38400K, used 29184K [0x00000000eab00000, 0x00000000eda80000, 0x0000000100000000)
  eden space 29184K, 100% used [0x00000000eab00000,0x00000000ec780000,0x00000000ec780000)
  from space 9216K, 0% used [0x00000000ed180000,0x00000000ed180000,0x00000000eda80000)
  to   space 9728K, 0% used [0x00000000ec780000,0x00000000ec780000,0x00000000ed100000)
 ParOldGen       total 52224K, used 15064K [0x00000000c0000000, 0x00000000c3300000, 0x00000000eab00000)
  object space 52224K, 28% used [0x00000000c0000000,0x00000000c0eb60a8,0x00000000c3300000)
 Metaspace       used 36616K, capacity 37462K, committed 37760K, reserved 1081344K
  class space    used 5031K, capacity 5216K, committed 5248K, reserved 1048576K
Event: 45.726 GC heap after
Heap after GC invocations=15 (full 2):
 PSYoungGen      total 38912K, used 4555K [0x00000000eab00000, 0x00000000ee700000, 0x0000000100000000)
  eden space 29184K, 0% used [0x00000000eab00000,0x00000000eab00000,0x00000000ec780000)
  from space 9728K, 46% used [0x00000000ec780000,0x00000000ecbf2c48,0x00000000ed100000)
  to   space 9728K, 0% used [0x00000000edd80000,0x00000000edd80000,0x00000000ee700000)
 ParOldGen       total 52224K, used 15072K [0x00000000c0000000, 0x00000000c3300000, 0x00000000eab00000)
  object space 52224K, 28% used [0x00000000c0000000,0x00000000c0eb80a8,0x00000000c3300000)
 Metaspace       used 36616K, capacity 37462K, committed 37760K, reserved 1081344K
  class space    used 5031K, capacity 5216K, committed 5248K, reserved 1048576K
}
Event: 46.415 GC heap before
{Heap before GC invocations=16 (full 2):
 PSYoungGen      total 38912K, used 33739K [0x00000000eab00000, 0x00000000ee700000, 0x0000000100000000)
  eden space 29184K, 100% used [0x00000000eab00000,0x00000000ec780000,0x00000000ec780000)
  from space 9728K, 46% used [0x00000000ec780000,0x00000000ecbf2c48,0x00000000ed100000)
  to   space 9728K, 0% used [0x00000000edd80000,0x00000000edd80000,0x00000000ee700000)
 ParOldGen       total 52224K, used 15072K [0x00000000c0000000, 0x00000000c3300000, 0x00000000eab00000)
  object space 52224K, 28% used [0x00000000c0000000,0x00000000c0eb80a8,0x00000000c3300000)
 Metaspace       used 42124K, capacity 43036K, committed 43392K, reserved 1087488K
  class space    used 5795K, capacity 6011K, committed 6016K, reserved 1048576K
Event: 46.431 GC heap after
Heap after GC invocations=16 (full 2):
 PSYoungGen      total 51712K, used 6810K [0x00000000eab00000, 0x00000000ee880000, 0x0000000100000000)
  eden space 41984K, 0% used [0x00000000eab00000,0x00000000eab00000,0x00000000ed400000)
  from space 9728K, 70% used [0x00000000edd80000,0x00000000ee426880,0x00000000ee700000)
  to   space 9728K, 0% used [0x00000000ed400000,0x00000000ed400000,0x00000000edd80000)
 ParOldGen       total 52224K, used 15080K [0x00000000c0000000, 0x00000000c3300000, 0x00000000eab00000)
  object space 52224K, 28% used [0x00000000c0000000,0x00000000c0eba0a8,0x00000000c3300000)
 Metaspace       used 42124K, capacity 43036K, committed 43392K, reserved 1087488K
  class space    used 5795K, capacity 6011K, committed 6016K, reserved 1048576K
}
Event: 46.839 GC heap before
{Heap before GC invocations=17 (full 2):
 PSYoungGen      total 51712K, used 48794K [0x00000000eab00000, 0x00000000ee880000, 0x0000000100000000)
  eden space 41984K, 100% used [0x00000000eab00000,0x00000000ed400000,0x00000000ed400000)
  from space 9728K, 70% used [0x00000000edd80000,0x00000000ee426880,0x00000000ee700000)
  to   space 9728K, 0% used [0x00000000ed400000,0x00000000ed400000,0x00000000edd80000)
 ParOldGen       total 52224K, used 15080K [0x00000000c0000000, 0x00000000c3300000, 0x00000000eab00000)
  object space 52224K, 28% used [0x00000000c0000000,0x00000000c0eba0a8,0x00000000c3300000)
 Metaspace       used 42580K, capacity 43496K, committed 43776K, reserved 1087488K
  class space    used 5817K, capacity 6023K, committed 6144K, reserved 1048576K
Event: 46.857 GC heap after
Heap after GC invocations=17 (full 2):
 PSYoungGen      total 51712K, used 2263K [0x00000000eab00000, 0x00000000efd80000, 0x0000000100000000)
  eden space 41984K, 0% used [0x00000000eab00000,0x00000000eab00000,0x00000000ed400000)
  from space 9728K, 23% used [0x00000000ed400000,0x00000000ed635ef8,0x00000000edd80000)
  to   space 10240K, 0% used [0x00000000ef380000,0x00000000ef380000,0x00000000efd80000)
 ParOldGen       total 52224K, used 20839K [0x00000000c0000000, 0x00000000c3300000, 0x00000000eab00000)
  object space 52224K, 39% used [0x00000000c0000000,0x00000000c1459fc0,0x00000000c3300000)
 Metaspace       used 42580K, capacity 43496K, committed 43776K, reserved 1087488K
  class space    used 5817K, capacity 6023K, committed 6144K, reserved 1048576K
}

